<?xml version="1.0" encoding="UTF-8"?>
<testsuite xmlns:xsi="http://www.w3.org/2001/XMLSchema-instance"
           xsi:noNamespaceSchemaLocation="https://maven.apache.org/surefire/maven-surefire-plugin/xsd/surefire-test-report-3.0.xsd"
           version="3.0" name="AbstractProgramTest" time="0.189" tests="7" errors="0" skipped="0" failures="0">
    <properties>
[...]
</properties>
    <testcase name="startProgram_setsRunning_andIncrementsRevision" classname="AbstractProgramTest" time="0.044">
        <system-out><![CDATA[[Program] Worker started
[Daemon] Started
[Supervisor] State changed: UNKNOWN -> RUNNING (rev=1)
]]></system-out>
    </testcase>
    <testcase name="afterTerminate_startStopDoNothing_stateAndRevisionDoNotChangeMuch" classname="AbstractProgramTest"
              time="0.004">
        <system-out><![CDATA[[Program] Worker started
[Supervisor] State changed: UNKNOWN -> RUNNING (rev=1)
[Daemon] Started
[Supervisor] Program terminated (rev=2)
[Program] Worker exiting
]]></system-out>
    </testcase>
    <testcase name="initialState_isUnknown_revisionIsZero" classname="AbstractProgramTest" time="0.001"/>
    <testcase name="daemonEventuallyChangesState_revisionIncreases" classname="AbstractProgramTest" time="0.04">
        <system-out><![CDATA[[Program] Worker started
[Supervisor] State changed: UNKNOWN -> RUNNING (rev=1)
[Daemon] Started
[Daemon] State changed: RUNNING -> FATAL_ERROR (rev=2)
[Daemon] State changed: RUNNING -> STOPPING (rev=2)
]]></system-out>
    </testcase>
    <testcase name="terminateProgram_marksTerminated_andUnblocksWaiters" classname="AbstractProgramTest" time="0.056">
        <system-out><![CDATA[[Program] Worker started
[Supervisor] State changed: UNKNOWN -> RUNNING (rev=1)
[Daemon] Started
[Daemon] State changed: STOPPING -> FATAL_ERROR (rev=3)
[Supervisor] Program terminated (rev=2)
]]></system-out>
    </testcase>
    <testcase name="waitForNextChange_unblocksAfterStateChange_andReturnsNewRevision" classname="AbstractProgramTest"
              time="0.001">
        <system-out><![CDATA[[Program] Worker started
[Supervisor] State changed: UNKNOWN -> RUNNING (rev=1)
[Supervisor] State changed: RUNNING -> STOPPING (rev=2)
[Daemon] Started
]]></system-out>
    </testcase>
    <testcase name="stopProgram_setsStopping_andIncrementsRevision" classname="AbstractProgramTest" time="0.001">
        <system-out><![CDATA[[Program] Worker started
[Supervisor] State changed: UNKNOWN -> RUNNING (rev=1)
[Supervisor] State changed: RUNNING -> STOPPING (rev=2)
[Daemon] Started
]]></system-out>
    </testcase>
</testsuite>